20210526T073421 I Just loaded Options file C:/Users/admin/AppData/Roaming/Autodesk/Neutron Platform/Options/NMachineSpecificOptions.xml successfully		ThreadID: 21884, Function: Ns::OptionGroup::load, Line: 616
20210526T073423 I Just loaded Options file C:/Users/admin/AppData/Roaming/Autodesk/Neutron Platform/Options/NMachineSpecificOptions.xml successfully		ThreadID: 21884, Function: Ns::OptionGroup::load, Line: 616
20210526T073423 I Version : 2.0.10244
20210526T073423 I UTC offset : 5
20210526T073423 I Loading configuration from:C:/Users/admin/AppData/Local/Autodesk/webdeploy/production/eba7fbfbb17ff9a9d7c25530f6f766b5ffb15678/Fusion 360.server.config
20210526T073426 I Just loaded Options file C:/Users/admin/AppData/Roaming/Autodesk/Neutron Platform/Options/JDF3L3FH3CC8/NGlobalOptions.xml successfully		ThreadID: 21884, Function: Ns::OptionGroup::load, Line: 616
20210526T073426 I SLM: device id = 110199ce-fff2-2393-fcca-8732023f5e36
20210526T073426 I SLM: Initialized
20210526T073426 I Just loaded Options file C:/Users/admin/AppData/Roaming/Autodesk/Neutron Platform/Options/JDF3L3FH3CC8/NGlobalOptions.xml successfully		ThreadID: 21884, Function: Ns::OptionGroup::load, Line: 616
20210526T073426 I Just loaded Options file C:/Users/admin/AppData/Roaming/Autodesk/Neutron Platform/Options/NMachineSpecificOptions.xml successfully		ThreadID: 21884, Function: Ns::OptionGroup::load, Line: 616
20210526T073426 I Just loaded Options file C:/Users/admin/AppData/Roaming/Autodesk/Neutron Platform/Options/JDF3L3FH3CC8/NGlobalOptions.xml successfully		ThreadID: 21884, Function: Ns::OptionGroup::load, Line: 616
20210526T073426 I WorkflowTrackManager Initialized with:1 items
20210526T073426 I Just loaded Options file C:/Users/admin/AppData/Roaming/Autodesk/Neutron Platform/Options/NMachineSpecificOptions.xml successfully		ThreadID: 21884, Function: Ns::OptionGroup::load, Line: 616
20210526T073426 I Disk capacity: 2,24,810MB Disk free: 1,24,170MB Percentage free: 55 UIThread: no Time: 0.00091s
20210526T073426 I Just loaded Options file C:/Users/admin/AppData/Roaming/Autodesk/Neutron Platform/Options/JDF3L3FH3CC8/NGlobalOptions.xml successfully		ThreadID: 21884, Function: Ns::OptionGroup::load, Line: 616
20210526T073426 I ADP - be5001ac-3db1-4582-9c96-1aa8d627fe83
20210526T073426 I AnalyticItemCounts Initialized with:0 items
20210526T073426 I 	searchAndLoad exec path: C:/Users/admin/AppData/Local/Autodesk/webdeploy/production/eba7fbfbb17ff9a9d7c25530f6f766b5ffb15678/Fusion360.exe
20210526T073426 I PROXY: WindowsProxyOptionId set to Automatic
20210526T073426 W PROXY: failed to query IE proxy configuration - The Proxy Auto-configuration URL was not found.

20210526T073426 I PROXY: proxy server set to DIRECT
20210526T073426 I Request(https://ui-dls360.autodesk.com/fusion/version.txt) - workflow: attempt:0 status:200 requestId:
20210526T073426 I SYNHUB: Loading config files in directory C:/Users/admin/AppData/Roaming/Autodesk/Synergy

20210526T073426 I SYNHUB: Loading config file C:/Users/admin/AppData/Roaming/Autodesk/Synergy/NLauncher.syncfg

20210526T073427 I Request(https://a360-statusdashboard.s3.amazonaws.com/autodesk_maintenance.json) - workflow:HTTPClient attempt:0 status:200 requestId:f360_HTTPClient__1-60adaca9-3f7c0549016747a88461000d
20210526T073428 I Request(https://ui-dls360.autodesk.com/fusion/maintenace_services.txt) - workflow:HTTPClient attempt:0 status:200 requestId:f360_HTTPClient__1-60adacab-6fac44ca16dd467eb7ec5a89
20210526T073429 I Load Feature Toggle Xml:C:/Users/admin/AppData/Local/Autodesk/webdeploy/production/eba7fbfbb17ff9a9d7c25530f6f766b5ffb15678/Fusion/Server/Fusion/Resources/FeatureToggle/FeatureToggle.xml
20210526T073429 I LaunchDarkly client initialization process is finished successfully!		ThreadID: 19180, Function: Ns::LDCSDKWrapper::initLDCallback, Line: 336
20210526T073429 I LD CSDK for type Global was initialized with a total time of 0.000003 seconds		ThreadID: 4600, Function: Ns::CSDKLDFeatureFlagsManager::getFlagValue, Line: 137
20210526T073430 I Just loaded Options file C:/Users/admin/AppData/Roaming/Autodesk/Neutron Platform/Options/JDF3L3FH3CC8/NGlobalOptions.xml successfully		ThreadID: 21884, Function: Ns::OptionGroup::load, Line: 616
20210526T073431 I Load Feature Toggle Xml:C:/Users/admin/AppData/Local/Autodesk/webdeploy/production/eba7fbfbb17ff9a9d7c25530f6f766b5ffb15678/FusionDoc/Server/FusionDoc/Resources/FeatureToggle/FeatureToggle.xml
20210526T073432 I C:\Users\admin\AppData\Local\Autodesk\webdeploy\production\eba7fbfbb17ff9a9d7c25530f6f766b5ffb15678\Applications\Simulation\SimCommon10.dll		ThreadID: 21884, Function: DllMain, Line: 22
20210526T073432 I Process attach		ThreadID: 21884, Function: DllMain, Line: 23
20210526T073432 I Just loaded Options file C:/Users/admin/AppData/Roaming/Autodesk/Neutron Platform/Options/NMachineSpecificOptions.xml successfully		ThreadID: 21884, Function: Ns::OptionGroup::load, Line: 616
20210526T073433 I C:\Users\admin\AppData\Local\Autodesk\webdeploy\production\eba7fbfbb17ff9a9d7c25530f6f766b5ffb15678\Applications\CAM360\SimIdealizations10.dll		ThreadID: 21884, Function: DllMain, Line: 16
20210526T073433 I Process attach		ThreadID: 21884, Function: DllMain, Line: 17
20210526T073434 I Libeagle app mode: Hosted		ThreadID: 21884, Function: void __cdecl Application::cEagleAppPrivate::Init(void), Line: 315
20210526T073434 I Just loaded Options file C:/Users/admin/AppData/Roaming/Autodesk/Neutron Platform/Options/JDF3L3FH3CC8/electronoptiongroup_eagle.rc successfully		ThreadID: 21884, Function: Ns::OptionGroup::load, Line: 616
20210526T073435 I Just loaded Options file C:/Users/admin/AppData/Roaming/Autodesk/Neutron Platform/Options/JDF3L3FH3CC8/NGlobalOptions.xml successfully		ThreadID: 21884, Function: Ns::OptionGroup::load, Line: 616
20210526T073435 I Just loaded Options file C:/Users/admin/AppData/Roaming/Autodesk/Neutron Platform/Options/JDF3L3FH3CC8/NGlobalOptions.xml successfully		ThreadID: 21884, Function: Ns::OptionGroup::load, Line: 616
20210526T073435 I Toolbar loader: Stopping...
20210526T073435 I Toolbar loader: Stopped
20210526T073435 I ***startSession: BEGIN
20210526T073435 I the maintenance window is OFF
20210526T073435 I getEntitlement
20210526T073435 I authenticate:begin
20210526T073435 I login start
20210526T073435 I Going to load toolbar customizations files		ThreadID: 21884, Function: Nu::ToolbarManager::loadCustomization, Line: 419
20210526T073435 I Just loaded Options file C:/Users/admin/AppData/Roaming/Autodesk/Neutron Platform/Options/JDF3L3FH3CC8/NGlobalOptions.xml successfully		ThreadID: 21884, Function: Ns::OptionGroup::load, Line: 616
20210526T073435 I Completed loading toolbar customizations files		ThreadID: 21884, Function: Nu::ToolbarManager::loadCustomization, Line: 421
20210526T073435 I AnalyticItemCounts Terminating with:0 items
20210526T073435 I AnalyticItemCounts Initialized with:0 items
20210526T073435 I WorkflowTrackManager Terminating with:1 items
20210526T073435 I WorkflowTrackManager Initialized with:1 items
20210526T073435 I login end 0
20210526T073435 I Autosave background thread started with saveTime: 5
20210526T073435 I LaunchDarkly client initialization process is not finished successfully!		ThreadID: 4600, Function: Ns::LDCSDKWrapper::initLDCallback, Line: 340
20210526T073435 I Request(https://js.prd.fusionapi.autodesk.com/fusion360-runtime-config/config.json) - workflow:HTTPClient attempt:0 status:200 requestId:f360_HTTPClient__1-60adacb3-7afb249b854344bc98a4496c
20210526T073435 I SLM: Enabled (Production)
20210526T073435 I SLM: Start session deviceId=110199ce-fff2-2393-fcca-8732023f5e36 deviceName=YASHISH
20210526T073435 I Workflow start: SLM_startSession 1-60adacb3-69d0dbc447a44e258c85b9a8
20210526T073436 I LaunchDarkly client initialization process is finished successfully!		ThreadID: 19180, Function: Ns::LDCSDKWrapper::initLDCallback, Line: 336
20210526T073436 I LD CSDK for type Nonhub was initialized with a total time of 0.509823 seconds		ThreadID: 4600, Function: Ns::CSDKLDFeatureFlagsManager::getFlagValue, Line: 137
20210526T073436 I LD CSDK for type Nonhub was initialized with a total time of 0.000001 seconds		ThreadID: 4600, Function: Ns::CSDKLDFeatureFlagsManager::getFlagValue, Line: 137
20210526T073436 I Request(https://f360sc-p-ue1.api.cosv2-p-ue1-dn.autodesk.com/api/v1/sessions) - workflow:SLM_startSession attempt:0 status:200 requestId:f360_SLM_startSession__1-60adacb3-69d0dbc447a44e258c85b9a8
20210526T073436 I SLM: session = 21423417
