20210601T070216 I Just loaded Options file C:/Users/admin/AppData/Roaming/Autodesk/Neutron Platform/Options/NMachineSpecificOptions.xml successfully		ThreadID: 24680, Function: Ns::OptionGroup::load, Line: 616
20210601T070218 I Just loaded Options file C:/Users/admin/AppData/Roaming/Autodesk/Neutron Platform/Options/NMachineSpecificOptions.xml successfully		ThreadID: 24680, Function: Ns::OptionGroup::load, Line: 616
20210601T070218 I Version : 2.0.10244
20210601T070218 I UTC offset : 5
20210601T070218 I Loading configuration from:C:/Users/admin/AppData/Local/Autodesk/webdeploy/production/eba7fbfbb17ff9a9d7c25530f6f766b5ffb15678/Fusion 360.server.config
20210601T070220 I Just loaded Options file C:/Users/admin/AppData/Roaming/Autodesk/Neutron Platform/Options/JDF3L3FH3CC8/NGlobalOptions.xml successfully		ThreadID: 24680, Function: Ns::OptionGroup::load, Line: 616
20210601T070220 I SLM: device id = 110199ce-fff2-2393-fcca-8732023f5e36
20210601T070220 I SLM: Initialized
20210601T070220 I Just loaded Options file C:/Users/admin/AppData/Roaming/Autodesk/Neutron Platform/Options/JDF3L3FH3CC8/NGlobalOptions.xml successfully		ThreadID: 24680, Function: Ns::OptionGroup::load, Line: 616
20210601T070220 I Just loaded Options file C:/Users/admin/AppData/Roaming/Autodesk/Neutron Platform/Options/NMachineSpecificOptions.xml successfully		ThreadID: 24680, Function: Ns::OptionGroup::load, Line: 616
20210601T070220 I Just loaded Options file C:/Users/admin/AppData/Roaming/Autodesk/Neutron Platform/Options/JDF3L3FH3CC8/NGlobalOptions.xml successfully		ThreadID: 24680, Function: Ns::OptionGroup::load, Line: 616
20210601T070220 I WorkflowTrackManager Initialized with:0 items
20210601T070220 I Just loaded Options file C:/Users/admin/AppData/Roaming/Autodesk/Neutron Platform/Options/NMachineSpecificOptions.xml successfully		ThreadID: 24680, Function: Ns::OptionGroup::load, Line: 616
20210601T070220 I Disk capacity: 2,24,810MB Disk free: 1,23,756MB Percentage free: 55 UIThread: no Time: 0.00125s
20210601T070220 I Just loaded Options file C:/Users/admin/AppData/Roaming/Autodesk/Neutron Platform/Options/JDF3L3FH3CC8/NGlobalOptions.xml successfully		ThreadID: 24680, Function: Ns::OptionGroup::load, Line: 616
20210601T070220 I ADP - 13b21f70-004a-4c0b-a4f0-2cd072cc64ee
20210601T070220 I AnalyticItemCounts Initialized with:0 items
20210601T070220 I 	searchAndLoad exec path: C:/Users/admin/AppData/Local/Autodesk/webdeploy/production/eba7fbfbb17ff9a9d7c25530f6f766b5ffb15678/Fusion360.exe
20210601T070220 I PROXY: WindowsProxyOptionId set to Automatic
20210601T070220 W PROXY: failed to query IE proxy configuration - The Proxy Auto-configuration URL was not found.

20210601T070220 I PROXY: proxy server set to DIRECT
20210601T070220 I SYNHUB: Loading config files in directory C:/Users/admin/AppData/Roaming/Autodesk/Synergy

20210601T070220 I SYNHUB: Loading config file C:/Users/admin/AppData/Roaming/Autodesk/Synergy/NLauncher.syncfg

20210601T070220 I Request(https://ui-dls360.autodesk.com/fusion/version.txt) - workflow: attempt:0 status:200 requestId:
20210601T070221 I Request(https://a360-statusdashboard.s3.amazonaws.com/autodesk_maintenance.json) - workflow:HTTPClient attempt:0 status:200 requestId:f360_HTTPClient__1-60b58e23-f9b9559f5e7a4497a8cdeada
20210601T070222 I Request(https://ui-dls360.autodesk.com/fusion/maintenace_services.txt) - workflow:HTTPClient attempt:0 status:200 requestId:f360_HTTPClient__1-60b58e24-300bd22bbe2342988900986e
20210601T070222 I LaunchDarkly client initialization process is finished successfully!		ThreadID: 30368, Function: Ns::LDCSDKWrapper::initLDCallback, Line: 336
20210601T070222 I LD CSDK for type Global was initialized with a total time of 0.000003 seconds		ThreadID: 10936, Function: Ns::CSDKLDFeatureFlagsManager::getFlagValue, Line: 137
20210601T070222 I Load Feature Toggle Xml:C:/Users/admin/AppData/Local/Autodesk/webdeploy/production/eba7fbfbb17ff9a9d7c25530f6f766b5ffb15678/Fusion/Server/Fusion/Resources/FeatureToggle/FeatureToggle.xml
20210601T070223 I Just loaded Options file C:/Users/admin/AppData/Roaming/Autodesk/Neutron Platform/Options/JDF3L3FH3CC8/NGlobalOptions.xml successfully		ThreadID: 24680, Function: Ns::OptionGroup::load, Line: 616
20210601T070224 I Load Feature Toggle Xml:C:/Users/admin/AppData/Local/Autodesk/webdeploy/production/eba7fbfbb17ff9a9d7c25530f6f766b5ffb15678/FusionDoc/Server/FusionDoc/Resources/FeatureToggle/FeatureToggle.xml
20210601T070225 I C:\Users\admin\AppData\Local\Autodesk\webdeploy\production\eba7fbfbb17ff9a9d7c25530f6f766b5ffb15678\Applications\Simulation\SimCommon10.dll		ThreadID: 24680, Function: DllMain, Line: 22
20210601T070225 I Process attach		ThreadID: 24680, Function: DllMain, Line: 23
20210601T070226 I Just loaded Options file C:/Users/admin/AppData/Roaming/Autodesk/Neutron Platform/Options/NMachineSpecificOptions.xml successfully		ThreadID: 24680, Function: Ns::OptionGroup::load, Line: 616
20210601T070226 I C:\Users\admin\AppData\Local\Autodesk\webdeploy\production\eba7fbfbb17ff9a9d7c25530f6f766b5ffb15678\Applications\CAM360\SimIdealizations10.dll		ThreadID: 24680, Function: DllMain, Line: 16
20210601T070226 I Process attach		ThreadID: 24680, Function: DllMain, Line: 17
20210601T070227 I Libeagle app mode: Hosted		ThreadID: 24680, Function: void __cdecl Application::cEagleAppPrivate::Init(void), Line: 315
20210601T070228 I Just loaded Options file C:/Users/admin/AppData/Roaming/Autodesk/Neutron Platform/Options/JDF3L3FH3CC8/electronoptiongroup_eagle.rc successfully		ThreadID: 24680, Function: Ns::OptionGroup::load, Line: 616
20210601T070228 I Just loaded Options file C:/Users/admin/AppData/Roaming/Autodesk/Neutron Platform/Options/JDF3L3FH3CC8/NGlobalOptions.xml successfully		ThreadID: 24680, Function: Ns::OptionGroup::load, Line: 616
20210601T070228 I Just loaded Options file C:/Users/admin/AppData/Roaming/Autodesk/Neutron Platform/Options/JDF3L3FH3CC8/NGlobalOptions.xml successfully		ThreadID: 24680, Function: Ns::OptionGroup::load, Line: 616
20210601T070229 I Toolbar loader: Stopping...
20210601T070229 I Toolbar loader: Stopped
20210601T070229 I ***startSession: BEGIN
20210601T070229 I the maintenance window is OFF
20210601T070229 I getEntitlement
20210601T070229 I authenticate:begin
20210601T070229 I login start
20210601T070229 I Going to load toolbar customizations files		ThreadID: 24680, Function: Nu::ToolbarManager::loadCustomization, Line: 419
20210601T070229 I Just loaded Options file C:/Users/admin/AppData/Roaming/Autodesk/Neutron Platform/Options/JDF3L3FH3CC8/NGlobalOptions.xml successfully		ThreadID: 24680, Function: Ns::OptionGroup::load, Line: 616
20210601T070229 I Completed loading toolbar customizations files		ThreadID: 24680, Function: Nu::ToolbarManager::loadCustomization, Line: 421
20210601T070229 I AnalyticItemCounts Terminating with:0 items
20210601T070229 I AnalyticItemCounts Initialized with:0 items
20210601T070229 I WorkflowTrackManager Terminating with:0 items
20210601T070229 I WorkflowTrackManager Initialized with:0 items
20210601T070229 I login end 0
20210601T070229 I Autosave background thread started with saveTime: 5
20210601T070229 I LaunchDarkly client initialization process is not finished successfully!		ThreadID: 10936, Function: Ns::LDCSDKWrapper::initLDCallback, Line: 340
20210601T070229 I Request(https://js.prd.fusionapi.autodesk.com/fusion360-runtime-config/config.json) - workflow:HTTPClient attempt:0 status:200 requestId:f360_HTTPClient__1-60b58e2c-5dfa7c90f093453ca6b0f754
20210601T070229 I SLM: Enabled (Production)
20210601T070229 I SLM: Start session deviceId=110199ce-fff2-2393-fcca-8732023f5e36 deviceName=YASHISH
20210601T070229 I Workflow start: SLM_startSession 1-60b58e2c-d380adaf120440dcb392bf68
20210601T070229 I LaunchDarkly client initialization process is finished successfully!		ThreadID: 30368, Function: Ns::LDCSDKWrapper::initLDCallback, Line: 336
20210601T070229 I LD CSDK for type Nonhub was initialized with a total time of 0.578618 seconds		ThreadID: 10936, Function: Ns::CSDKLDFeatureFlagsManager::getFlagValue, Line: 137
20210601T070229 I LD CSDK for type Nonhub was initialized with a total time of 0.000002 seconds		ThreadID: 10936, Function: Ns::CSDKLDFeatureFlagsManager::getFlagValue, Line: 137
20210601T070230 I Request(https://f360sc-p-ue1.api.cosv2-p-ue1-dn.autodesk.com/api/v1/sessions) - workflow:SLM_startSession attempt:0 status:200 requestId:f360_SLM_startSession__1-60b58e2c-d380adaf120440dcb392bf68
20210601T070230 I SLM: session = 22510182
