20210531T232201 I Just loaded Options file C:/Users/admin/AppData/Roaming/Autodesk/Neutron Platform/Options/NMachineSpecificOptions.xml successfully		ThreadID: 29852, Function: Ns::OptionGroup::load, Line: 616
20210531T232203 I Just loaded Options file C:/Users/admin/AppData/Roaming/Autodesk/Neutron Platform/Options/NMachineSpecificOptions.xml successfully		ThreadID: 29852, Function: Ns::OptionGroup::load, Line: 616
20210531T232203 I Version : 2.0.10244
20210531T232203 I UTC offset : 5
20210531T232203 I Loading configuration from:C:/Users/admin/AppData/Local/Autodesk/webdeploy/production/eba7fbfbb17ff9a9d7c25530f6f766b5ffb15678/Fusion 360.server.config
20210531T232205 I Just loaded Options file C:/Users/admin/AppData/Roaming/Autodesk/Neutron Platform/Options/JDF3L3FH3CC8/NGlobalOptions.xml successfully		ThreadID: 29852, Function: Ns::OptionGroup::load, Line: 616
20210531T232205 I SLM: device id = 110199ce-fff2-2393-fcca-8732023f5e36
20210531T232205 I SLM: Initialized
20210531T232205 I Just loaded Options file C:/Users/admin/AppData/Roaming/Autodesk/Neutron Platform/Options/JDF3L3FH3CC8/NGlobalOptions.xml successfully		ThreadID: 29852, Function: Ns::OptionGroup::load, Line: 616
20210531T232205 I Just loaded Options file C:/Users/admin/AppData/Roaming/Autodesk/Neutron Platform/Options/NMachineSpecificOptions.xml successfully		ThreadID: 29852, Function: Ns::OptionGroup::load, Line: 616
20210531T232205 I Just loaded Options file C:/Users/admin/AppData/Roaming/Autodesk/Neutron Platform/Options/JDF3L3FH3CC8/NGlobalOptions.xml successfully		ThreadID: 29852, Function: Ns::OptionGroup::load, Line: 616
20210531T232206 I WorkflowTrackManager Initialized with:0 items
20210531T232206 I Just loaded Options file C:/Users/admin/AppData/Roaming/Autodesk/Neutron Platform/Options/NMachineSpecificOptions.xml successfully		ThreadID: 29852, Function: Ns::OptionGroup::load, Line: 616
20210531T232206 I Disk capacity: 2,24,810MB Disk free: 1,23,720MB Percentage free: 55 UIThread: no Time: 0.00167s
20210531T232206 I Just loaded Options file C:/Users/admin/AppData/Roaming/Autodesk/Neutron Platform/Options/JDF3L3FH3CC8/NGlobalOptions.xml successfully		ThreadID: 29852, Function: Ns::OptionGroup::load, Line: 616
20210531T232206 I ADP - fa9a02f9-1545-4555-80ac-8535057d55a2
20210531T232206 I PROXY: WindowsProxyOptionId set to Automatic
20210531T232206 W PROXY: failed to query IE proxy configuration - The Proxy Auto-configuration URL was not found.

20210531T232206 I PROXY: proxy server set to DIRECT
20210531T232206 I AnalyticItemCounts Initialized with:0 items
20210531T232206 I 	searchAndLoad exec path: C:/Users/admin/AppData/Local/Autodesk/webdeploy/production/eba7fbfbb17ff9a9d7c25530f6f766b5ffb15678/Fusion360.exe
20210531T232206 I SYNHUB: Loading config files in directory C:/Users/admin/AppData/Roaming/Autodesk/Synergy

20210531T232206 I SYNHUB: Loading config file C:/Users/admin/AppData/Roaming/Autodesk/Synergy/NLauncher.syncfg

20210531T232206 I Request(https://ui-dls360.autodesk.com/fusion/version.txt) - workflow: attempt:0 status:200 requestId:
20210531T232207 I Request(https://a360-statusdashboard.s3.amazonaws.com/autodesk_maintenance.json) - workflow:HTTPClient attempt:0 status:200 requestId:f360_HTTPClient__1-60b52245-d9a157f844ca4e73bef110ea
20210531T232208 I Request(https://ui-dls360.autodesk.com/fusion/maintenace_services.txt) - workflow:HTTPClient attempt:0 status:200 requestId:f360_HTTPClient__1-60b52247-eeb157679f514ba68ee38080
20210531T232208 I LaunchDarkly client initialization process is finished successfully!		ThreadID: 10872, Function: Ns::LDCSDKWrapper::initLDCallback, Line: 336
20210531T232208 I LD CSDK for type Global was initialized with a total time of 0.000008 seconds		ThreadID: 18112, Function: Ns::CSDKLDFeatureFlagsManager::getFlagValue, Line: 137
20210531T232208 I Load Feature Toggle Xml:C:/Users/admin/AppData/Local/Autodesk/webdeploy/production/eba7fbfbb17ff9a9d7c25530f6f766b5ffb15678/Fusion/Server/Fusion/Resources/FeatureToggle/FeatureToggle.xml
20210531T232210 I Just loaded Options file C:/Users/admin/AppData/Roaming/Autodesk/Neutron Platform/Options/JDF3L3FH3CC8/NGlobalOptions.xml successfully		ThreadID: 29852, Function: Ns::OptionGroup::load, Line: 616
20210531T232210 I Load Feature Toggle Xml:C:/Users/admin/AppData/Local/Autodesk/webdeploy/production/eba7fbfbb17ff9a9d7c25530f6f766b5ffb15678/FusionDoc/Server/FusionDoc/Resources/FeatureToggle/FeatureToggle.xml
20210531T232211 I C:\Users\admin\AppData\Local\Autodesk\webdeploy\production\eba7fbfbb17ff9a9d7c25530f6f766b5ffb15678\Applications\Simulation\SimCommon10.dll		ThreadID: 29852, Function: DllMain, Line: 22
20210531T232211 I Process attach		ThreadID: 29852, Function: DllMain, Line: 23
20210531T232212 I Just loaded Options file C:/Users/admin/AppData/Roaming/Autodesk/Neutron Platform/Options/NMachineSpecificOptions.xml successfully		ThreadID: 29852, Function: Ns::OptionGroup::load, Line: 616
20210531T232212 I C:\Users\admin\AppData\Local\Autodesk\webdeploy\production\eba7fbfbb17ff9a9d7c25530f6f766b5ffb15678\Applications\CAM360\SimIdealizations10.dll		ThreadID: 29852, Function: DllMain, Line: 16
20210531T232212 I Process attach		ThreadID: 29852, Function: DllMain, Line: 17
20210531T232213 I Libeagle app mode: Hosted		ThreadID: 29852, Function: void __cdecl Application::cEagleAppPrivate::Init(void), Line: 315
20210531T232214 I Just loaded Options file C:/Users/admin/AppData/Roaming/Autodesk/Neutron Platform/Options/JDF3L3FH3CC8/electronoptiongroup_eagle.rc successfully		ThreadID: 29852, Function: Ns::OptionGroup::load, Line: 616
20210531T232214 I Just loaded Options file C:/Users/admin/AppData/Roaming/Autodesk/Neutron Platform/Options/JDF3L3FH3CC8/NGlobalOptions.xml successfully		ThreadID: 29852, Function: Ns::OptionGroup::load, Line: 616
20210531T232215 I Just loaded Options file C:/Users/admin/AppData/Roaming/Autodesk/Neutron Platform/Options/JDF3L3FH3CC8/NGlobalOptions.xml successfully		ThreadID: 29852, Function: Ns::OptionGroup::load, Line: 616
20210531T232215 I Toolbar loader: Stopping...
20210531T232215 I Toolbar loader: Stopped
20210531T232215 I ***startSession: BEGIN
20210531T232215 I the maintenance window is OFF
20210531T232215 I getEntitlement
20210531T232215 I authenticate:begin
20210531T232215 I login start
20210531T232215 I Going to load toolbar customizations files		ThreadID: 29852, Function: Nu::ToolbarManager::loadCustomization, Line: 419
20210531T232215 I Just loaded Options file C:/Users/admin/AppData/Roaming/Autodesk/Neutron Platform/Options/JDF3L3FH3CC8/NGlobalOptions.xml successfully		ThreadID: 29852, Function: Ns::OptionGroup::load, Line: 616
20210531T232215 I Completed loading toolbar customizations files		ThreadID: 29852, Function: Nu::ToolbarManager::loadCustomization, Line: 421
20210531T232215 I AnalyticItemCounts Terminating with:0 items
20210531T232215 I AnalyticItemCounts Initialized with:0 items
20210531T232215 I WorkflowTrackManager Terminating with:0 items
20210531T232215 I WorkflowTrackManager Initialized with:0 items
20210531T232215 I login end 0
20210531T232215 I Autosave background thread started with saveTime: 5
20210531T232215 I LaunchDarkly client initialization process is not finished successfully!		ThreadID: 18112, Function: Ns::LDCSDKWrapper::initLDCallback, Line: 340
20210531T232215 I Request(https://js.prd.fusionapi.autodesk.com/fusion360-runtime-config/config.json) - workflow:HTTPClient attempt:0 status:200 requestId:f360_HTTPClient__1-60b5224e-c7925932b10a4c04b9c09809
20210531T232215 I SLM: Enabled (Production)
20210531T232215 I SLM: Start session deviceId=110199ce-fff2-2393-fcca-8732023f5e36 deviceName=YASHISH
20210531T232215 I Workflow start: SLM_startSession 1-60b5224f-1389295f1f684c74a4c64fc3
20210531T232215 I LaunchDarkly client initialization process is finished successfully!		ThreadID: 10872, Function: Ns::LDCSDKWrapper::initLDCallback, Line: 336
20210531T232215 I LD CSDK for type Nonhub was initialized with a total time of 0.522038 seconds		ThreadID: 18112, Function: Ns::CSDKLDFeatureFlagsManager::getFlagValue, Line: 137
20210531T232215 I LD CSDK for type Nonhub was initialized with a total time of 0.000003 seconds		ThreadID: 18112, Function: Ns::CSDKLDFeatureFlagsManager::getFlagValue, Line: 137
20210531T232216 I Request(https://f360sc-p-ue1.api.cosv2-p-ue1-dn.autodesk.com/api/v1/sessions) - workflow:SLM_startSession attempt:0 status:200 requestId:f360_SLM_startSession__1-60b5224f-1389295f1f684c74a4c64fc3
20210531T232216 I SLM: session = 22207192
