20210603T192532 I Just loaded Options file C:/Users/admin/AppData/Roaming/Autodesk/Neutron Platform/Options/NMachineSpecificOptions.xml successfully		ThreadID: 1408, Function: Ns::OptionGroup::load, Line: 616
20210603T192534 I Just loaded Options file C:/Users/admin/AppData/Roaming/Autodesk/Neutron Platform/Options/NMachineSpecificOptions.xml successfully		ThreadID: 1408, Function: Ns::OptionGroup::load, Line: 616
20210603T192534 I Version : 2.0.10244
20210603T192534 I UTC offset : 5
20210603T192534 I Loading configuration from:C:/Users/admin/AppData/Local/Autodesk/webdeploy/production/eba7fbfbb17ff9a9d7c25530f6f766b5ffb15678/Fusion 360.server.config
20210603T192536 I Just loaded Options file C:/Users/admin/AppData/Roaming/Autodesk/Neutron Platform/Options/JDF3L3FH3CC8/NGlobalOptions.xml successfully		ThreadID: 1408, Function: Ns::OptionGroup::load, Line: 616
20210603T192536 I SLM: device id = 110199ce-fff2-2393-fcca-8732023f5e36
20210603T192536 I SLM: Initialized
20210603T192536 I Just loaded Options file C:/Users/admin/AppData/Roaming/Autodesk/Neutron Platform/Options/JDF3L3FH3CC8/NGlobalOptions.xml successfully		ThreadID: 1408, Function: Ns::OptionGroup::load, Line: 616
20210603T192536 I Just loaded Options file C:/Users/admin/AppData/Roaming/Autodesk/Neutron Platform/Options/NMachineSpecificOptions.xml successfully		ThreadID: 1408, Function: Ns::OptionGroup::load, Line: 616
20210603T192536 I Just loaded Options file C:/Users/admin/AppData/Roaming/Autodesk/Neutron Platform/Options/JDF3L3FH3CC8/NGlobalOptions.xml successfully		ThreadID: 1408, Function: Ns::OptionGroup::load, Line: 616
20210603T192536 I WorkflowTrackManager Initialized with:1 items
20210603T192536 I Just loaded Options file C:/Users/admin/AppData/Roaming/Autodesk/Neutron Platform/Options/NMachineSpecificOptions.xml successfully		ThreadID: 1408, Function: Ns::OptionGroup::load, Line: 616
20210603T192536 I Disk capacity: 2,24,810MB Disk free: 1,17,157MB Percentage free: 52 UIThread: no Time: 0.00105s
20210603T192536 I Just loaded Options file C:/Users/admin/AppData/Roaming/Autodesk/Neutron Platform/Options/JDF3L3FH3CC8/NGlobalOptions.xml successfully		ThreadID: 1408, Function: Ns::OptionGroup::load, Line: 616
20210603T192536 I ADP - d080c722-a3c0-4593-b8b5-c17ef4fa89cd
20210603T192536 I AnalyticItemCounts Initialized with:0 items
20210603T192536 I 	searchAndLoad exec path: C:/Users/admin/AppData/Local/Autodesk/webdeploy/production/eba7fbfbb17ff9a9d7c25530f6f766b5ffb15678/Fusion360.exe
20210603T192536 I PROXY: WindowsProxyOptionId set to Automatic
20210603T192536 W PROXY: failed to query IE proxy configuration - The Proxy Auto-configuration URL was not found.

20210603T192536 I PROXY: proxy server set to DIRECT
20210603T192537 I SYNHUB: Loading config files in directory C:/Users/admin/AppData/Roaming/Autodesk/Synergy

20210603T192537 I SYNHUB: Loading config file C:/Users/admin/AppData/Roaming/Autodesk/Synergy/NLauncher.syncfg

20210603T192537 I Request(https://ui-dls360.autodesk.com/fusion/version.txt) - workflow: attempt:0 status:200 requestId:
20210603T192538 I Request(https://a360-statusdashboard.s3.amazonaws.com/autodesk_maintenance.json) - workflow:HTTPClient attempt:0 status:200 requestId:f360_HTTPClient__1-60b8df58-ef5102b7997d4182ac664234
20210603T192538 I Request(https://ui-dls360.autodesk.com/fusion/maintenace_services.txt) - workflow:HTTPClient attempt:0 status:200 requestId:f360_HTTPClient__1-60b8df5a-0fa703cb90e54492b90cbb72
20210603T192539 I Load Feature Toggle Xml:C:/Users/admin/AppData/Local/Autodesk/webdeploy/production/eba7fbfbb17ff9a9d7c25530f6f766b5ffb15678/Fusion/Server/Fusion/Resources/FeatureToggle/FeatureToggle.xml
20210603T192540 I LaunchDarkly client initialization process is finished successfully!		ThreadID: 17040, Function: Ns::LDCSDKWrapper::initLDCallback, Line: 336
20210603T192540 I LD CSDK for type Global was initialized with a total time of 0.000003 seconds		ThreadID: 13012, Function: Ns::CSDKLDFeatureFlagsManager::getFlagValue, Line: 137
20210603T192541 I Just loaded Options file C:/Users/admin/AppData/Roaming/Autodesk/Neutron Platform/Options/JDF3L3FH3CC8/NGlobalOptions.xml successfully		ThreadID: 1408, Function: Ns::OptionGroup::load, Line: 616
20210603T192542 I Load Feature Toggle Xml:C:/Users/admin/AppData/Local/Autodesk/webdeploy/production/eba7fbfbb17ff9a9d7c25530f6f766b5ffb15678/FusionDoc/Server/FusionDoc/Resources/FeatureToggle/FeatureToggle.xml
20210603T192543 I C:\Users\admin\AppData\Local\Autodesk\webdeploy\production\eba7fbfbb17ff9a9d7c25530f6f766b5ffb15678\Applications\Simulation\SimCommon10.dll		ThreadID: 1408, Function: DllMain, Line: 22
20210603T192543 I Process attach		ThreadID: 1408, Function: DllMain, Line: 23
20210603T192544 I Just loaded Options file C:/Users/admin/AppData/Roaming/Autodesk/Neutron Platform/Options/NMachineSpecificOptions.xml successfully		ThreadID: 1408, Function: Ns::OptionGroup::load, Line: 616
20210603T192545 I C:\Users\admin\AppData\Local\Autodesk\webdeploy\production\eba7fbfbb17ff9a9d7c25530f6f766b5ffb15678\Applications\CAM360\SimIdealizations10.dll		ThreadID: 1408, Function: DllMain, Line: 16
20210603T192545 I Process attach		ThreadID: 1408, Function: DllMain, Line: 17
20210603T192547 I Libeagle app mode: Hosted		ThreadID: 1408, Function: void __cdecl Application::cEagleAppPrivate::Init(void), Line: 315
20210603T192547 I Just loaded Options file C:/Users/admin/AppData/Roaming/Autodesk/Neutron Platform/Options/JDF3L3FH3CC8/electronoptiongroup_eagle.rc successfully		ThreadID: 1408, Function: Ns::OptionGroup::load, Line: 616
20210603T192548 I Just loaded Options file C:/Users/admin/AppData/Roaming/Autodesk/Neutron Platform/Options/JDF3L3FH3CC8/NGlobalOptions.xml successfully		ThreadID: 1408, Function: Ns::OptionGroup::load, Line: 616
20210603T192548 I Just loaded Options file C:/Users/admin/AppData/Roaming/Autodesk/Neutron Platform/Options/JDF3L3FH3CC8/NGlobalOptions.xml successfully		ThreadID: 1408, Function: Ns::OptionGroup::load, Line: 616
20210603T192549 I Toolbar loader: Stopping...
20210603T192549 I Toolbar loader: Stopped
20210603T192549 I ***startSession: BEGIN
20210603T192549 I the maintenance window is OFF
20210603T192549 I getEntitlement
20210603T192549 I authenticate:begin
20210603T192549 I login start
20210603T192549 I Going to load toolbar customizations files		ThreadID: 1408, Function: Nu::ToolbarManager::loadCustomization, Line: 419
20210603T192549 I Just loaded Options file C:/Users/admin/AppData/Roaming/Autodesk/Neutron Platform/Options/JDF3L3FH3CC8/NGlobalOptions.xml successfully		ThreadID: 1408, Function: Ns::OptionGroup::load, Line: 616
20210603T192549 I Completed loading toolbar customizations files		ThreadID: 1408, Function: Nu::ToolbarManager::loadCustomization, Line: 421
20210603T192549 I AnalyticItemCounts Terminating with:0 items
20210603T192549 I AnalyticItemCounts Initialized with:0 items
20210603T192549 I WorkflowTrackManager Terminating with:1 items
20210603T192549 I WorkflowTrackManager Initialized with:1 items
20210603T192549 I login end 0
20210603T192549 I Autosave background thread started with saveTime: 5
20210603T192549 I LaunchDarkly client initialization process is not finished successfully!		ThreadID: 13012, Function: Ns::LDCSDKWrapper::initLDCallback, Line: 340
20210603T192549 I Request(https://js.prd.fusionapi.autodesk.com/fusion360-runtime-config/config.json) - workflow:HTTPClient attempt:0 status:200 requestId:f360_HTTPClient__1-60b8df65-0dc370e5eb8c4c0a98a43eb7
20210603T192549 I SLM: Enabled (Production)
20210603T192549 I SLM: Start session deviceId=110199ce-fff2-2393-fcca-8732023f5e36 deviceName=YASHISH
20210603T192549 I Workflow start: SLM_startSession 1-60b8df65-5e4b62f2f47d45a980d6aff8
20210603T192549 I LaunchDarkly client initialization process is finished successfully!		ThreadID: 17040, Function: Ns::LDCSDKWrapper::initLDCallback, Line: 336
20210603T192550 I LD CSDK for type Nonhub was initialized with a total time of 0.586289 seconds		ThreadID: 13012, Function: Ns::CSDKLDFeatureFlagsManager::getFlagValue, Line: 137
20210603T192550 I LD CSDK for type Nonhub was initialized with a total time of 0.000001 seconds		ThreadID: 13012, Function: Ns::CSDKLDFeatureFlagsManager::getFlagValue, Line: 137
20210603T192551 I Request(https://f360sc-p-ue1.api.cosv2-p-ue1-dn.autodesk.com/api/v1/sessions) - workflow:SLM_startSession attempt:0 status:200 requestId:f360_SLM_startSession__1-60b8df65-5e4b62f2f47d45a980d6aff8
20210603T192551 I SLM: session = 23001486
