20210606T221327 I Just loaded Options file C:/Users/admin/AppData/Roaming/Autodesk/Neutron Platform/Options/NMachineSpecificOptions.xml successfully		ThreadID: 11944, Function: Ns::OptionGroup::load, Line: 616
20210606T221329 I Just loaded Options file C:/Users/admin/AppData/Roaming/Autodesk/Neutron Platform/Options/NMachineSpecificOptions.xml successfully		ThreadID: 11944, Function: Ns::OptionGroup::load, Line: 616
20210606T221329 I Version : 2.0.10244
20210606T221329 I UTC offset : 5
20210606T221329 I Loading configuration from:C:/Users/admin/AppData/Local/Autodesk/webdeploy/production/eba7fbfbb17ff9a9d7c25530f6f766b5ffb15678/Fusion 360.server.config
20210606T221330 I Just loaded Options file C:/Users/admin/AppData/Roaming/Autodesk/Neutron Platform/Options/JDF3L3FH3CC8/NGlobalOptions.xml successfully		ThreadID: 11944, Function: Ns::OptionGroup::load, Line: 616
20210606T221330 I SLM: device id = 110199ce-fff2-2393-fcca-8732023f5e36
20210606T221330 I SLM: Initialized
20210606T221330 I Just loaded Options file C:/Users/admin/AppData/Roaming/Autodesk/Neutron Platform/Options/JDF3L3FH3CC8/NGlobalOptions.xml successfully		ThreadID: 11944, Function: Ns::OptionGroup::load, Line: 616
20210606T221330 I Just loaded Options file C:/Users/admin/AppData/Roaming/Autodesk/Neutron Platform/Options/NMachineSpecificOptions.xml successfully		ThreadID: 11944, Function: Ns::OptionGroup::load, Line: 616
20210606T221330 I Just loaded Options file C:/Users/admin/AppData/Roaming/Autodesk/Neutron Platform/Options/JDF3L3FH3CC8/NGlobalOptions.xml successfully		ThreadID: 11944, Function: Ns::OptionGroup::load, Line: 616
20210606T221330 I WorkflowTrackManager Initialized with:0 items
20210606T221330 I Just loaded Options file C:/Users/admin/AppData/Roaming/Autodesk/Neutron Platform/Options/NMachineSpecificOptions.xml successfully		ThreadID: 11944, Function: Ns::OptionGroup::load, Line: 616
20210606T221330 I Disk capacity: 2,24,810MB Disk free: 1,15,822MB Percentage free: 51 UIThread: no Time: 0.00059s
20210606T221330 I Just loaded Options file C:/Users/admin/AppData/Roaming/Autodesk/Neutron Platform/Options/JDF3L3FH3CC8/NGlobalOptions.xml successfully		ThreadID: 11944, Function: Ns::OptionGroup::load, Line: 616
20210606T221330 I ADP - 463a585d-5173-49ee-a1c5-af81be186e15
20210606T221330 I AnalyticItemCounts Initialized with:0 items
20210606T221330 I 	searchAndLoad exec path: C:/Users/admin/AppData/Local/Autodesk/webdeploy/production/eba7fbfbb17ff9a9d7c25530f6f766b5ffb15678/Fusion360.exe
20210606T221330 I PROXY: WindowsProxyOptionId set to Automatic
20210606T221330 W PROXY: failed to query IE proxy configuration - The Proxy Auto-configuration URL was not found.

20210606T221330 I PROXY: proxy server set to DIRECT
20210606T221330 I SYNHUB: Loading config files in directory C:/Users/admin/AppData/Roaming/Autodesk/Synergy

20210606T221330 I SYNHUB: Loading config file C:/Users/admin/AppData/Roaming/Autodesk/Synergy/NLauncher.syncfg

20210606T221331 I Request(https://ui-dls360.autodesk.com/fusion/version.txt) - workflow: attempt:0 status:200 requestId:
20210606T221332 I Load Feature Toggle Xml:C:/Users/admin/AppData/Local/Autodesk/webdeploy/production/eba7fbfbb17ff9a9d7c25530f6f766b5ffb15678/Fusion/Server/Fusion/Resources/FeatureToggle/FeatureToggle.xml
20210606T221332 I LaunchDarkly client initialization process is finished successfully!		ThreadID: 4308, Function: Ns::LDCSDKWrapper::initLDCallback, Line: 336
20210606T221332 I LD CSDK for type Global was initialized with a total time of 0.000003 seconds		ThreadID: 11152, Function: Ns::CSDKLDFeatureFlagsManager::getFlagValue, Line: 137
20210606T221333 I Request(https://a360-statusdashboard.s3.amazonaws.com/autodesk_maintenance.json) - workflow:HTTPClient attempt:0 status:200 requestId:f360_HTTPClient__1-60bcfb31-f3987611f13943da89a4602c
20210606T221333 I Just loaded Options file C:/Users/admin/AppData/Roaming/Autodesk/Neutron Platform/Options/JDF3L3FH3CC8/NGlobalOptions.xml successfully		ThreadID: 11944, Function: Ns::OptionGroup::load, Line: 616
20210606T221333 I Request(https://ui-dls360.autodesk.com/fusion/maintenace_services.txt) - workflow:HTTPClient attempt:0 status:200 requestId:f360_HTTPClient__1-60bcfb34-3fbc7d91d07b4abe8d3433dd
20210606T221334 I Load Feature Toggle Xml:C:/Users/admin/AppData/Local/Autodesk/webdeploy/production/eba7fbfbb17ff9a9d7c25530f6f766b5ffb15678/FusionDoc/Server/FusionDoc/Resources/FeatureToggle/FeatureToggle.xml
20210606T221334 I C:\Users\admin\AppData\Local\Autodesk\webdeploy\production\eba7fbfbb17ff9a9d7c25530f6f766b5ffb15678\Applications\Simulation\SimCommon10.dll		ThreadID: 11944, Function: DllMain, Line: 22
20210606T221334 I Process attach		ThreadID: 11944, Function: DllMain, Line: 23
20210606T221335 I Just loaded Options file C:/Users/admin/AppData/Roaming/Autodesk/Neutron Platform/Options/NMachineSpecificOptions.xml successfully		ThreadID: 11944, Function: Ns::OptionGroup::load, Line: 616
20210606T221335 I C:\Users\admin\AppData\Local\Autodesk\webdeploy\production\eba7fbfbb17ff9a9d7c25530f6f766b5ffb15678\Applications\CAM360\SimIdealizations10.dll		ThreadID: 11944, Function: DllMain, Line: 16
20210606T221335 I Process attach		ThreadID: 11944, Function: DllMain, Line: 17
20210606T221336 I Libeagle app mode: Hosted		ThreadID: 11944, Function: void __cdecl Application::cEagleAppPrivate::Init(void), Line: 315
20210606T221336 I Just loaded Options file C:/Users/admin/AppData/Roaming/Autodesk/Neutron Platform/Options/JDF3L3FH3CC8/electronoptiongroup_eagle.rc successfully		ThreadID: 11944, Function: Ns::OptionGroup::load, Line: 616
20210606T221337 I Just loaded Options file C:/Users/admin/AppData/Roaming/Autodesk/Neutron Platform/Options/JDF3L3FH3CC8/NGlobalOptions.xml successfully		ThreadID: 11944, Function: Ns::OptionGroup::load, Line: 616
20210606T221337 I Just loaded Options file C:/Users/admin/AppData/Roaming/Autodesk/Neutron Platform/Options/JDF3L3FH3CC8/NGlobalOptions.xml successfully		ThreadID: 11944, Function: Ns::OptionGroup::load, Line: 616
20210606T221337 I Toolbar loader: Stopping...
20210606T221337 I Toolbar loader: Stopped
20210606T221337 I ***startSession: BEGIN
20210606T221337 I the maintenance window is OFF
20210606T221337 I getEntitlement
20210606T221337 I authenticate:begin
20210606T221337 I login start
20210606T221337 I Going to load toolbar customizations files		ThreadID: 11944, Function: Nu::ToolbarManager::loadCustomization, Line: 419
20210606T221337 I Just loaded Options file C:/Users/admin/AppData/Roaming/Autodesk/Neutron Platform/Options/JDF3L3FH3CC8/NGlobalOptions.xml successfully		ThreadID: 11944, Function: Ns::OptionGroup::load, Line: 616
20210606T221337 I Completed loading toolbar customizations files		ThreadID: 11944, Function: Nu::ToolbarManager::loadCustomization, Line: 421
20210606T221337 I AnalyticItemCounts Terminating with:0 items
20210606T221337 I AnalyticItemCounts Initialized with:0 items
20210606T221337 I WorkflowTrackManager Terminating with:0 items
20210606T221337 I WorkflowTrackManager Initialized with:0 items
20210606T221337 I login end 0
20210606T221337 I Autosave background thread started with saveTime: 5
20210606T221337 I LaunchDarkly client initialization process is not finished successfully!		ThreadID: 11152, Function: Ns::LDCSDKWrapper::initLDCallback, Line: 340
20210606T221339 I LaunchDarkly client initialization process is finished successfully!		ThreadID: 4308, Function: Ns::LDCSDKWrapper::initLDCallback, Line: 336
20210606T221339 I LD CSDK for type Nonhub was initialized with a total time of 1.538812 seconds		ThreadID: 11152, Function: Ns::CSDKLDFeatureFlagsManager::getFlagValue, Line: 137
20210606T221339 I LD CSDK for type Nonhub was initialized with a total time of 0.000002 seconds		ThreadID: 11152, Function: Ns::CSDKLDFeatureFlagsManager::getFlagValue, Line: 137
20210606T221339 I Request(https://js.prd.fusionapi.autodesk.com/fusion360-runtime-config/config.json) - workflow:HTTPClient attempt:0 status:200 requestId:f360_HTTPClient__1-60bcfb38-7162124daee94e19b8b08d04
20210606T221339 I SLM: Enabled (Production)
20210606T221339 I SLM: Start session deviceId=110199ce-fff2-2393-fcca-8732023f5e36 deviceName=YASHISH
20210606T221339 I Workflow start: SLM_startSession 1-60bcfb3a-6663b6b62b8b49558eb6a1a6
20210606T221341 I Request(https://f360sc-p-ue1.api.cosv2-p-ue1-dn.autodesk.com/api/v1/sessions) - workflow:SLM_startSession attempt:0 status:200 requestId:f360_SLM_startSession__1-60bcfb3a-6663b6b62b8b49558eb6a1a6
20210606T221341 I SLM: session = 23481082
