20210527T082900 I Just loaded Options file C:/Users/admin/AppData/Roaming/Autodesk/Neutron Platform/Options/NMachineSpecificOptions.xml successfully		ThreadID: 1260, Function: Ns::OptionGroup::load, Line: 616
20210527T082902 I Just loaded Options file C:/Users/admin/AppData/Roaming/Autodesk/Neutron Platform/Options/NMachineSpecificOptions.xml successfully		ThreadID: 1260, Function: Ns::OptionGroup::load, Line: 616
20210527T082902 I Version : 2.0.10244
20210527T082902 I UTC offset : 5
20210527T082902 I Loading configuration from:C:/Users/admin/AppData/Local/Autodesk/webdeploy/production/eba7fbfbb17ff9a9d7c25530f6f766b5ffb15678/Fusion 360.server.config
20210527T082905 I Just loaded Options file C:/Users/admin/AppData/Roaming/Autodesk/Neutron Platform/Options/JDF3L3FH3CC8/NGlobalOptions.xml successfully		ThreadID: 1260, Function: Ns::OptionGroup::load, Line: 616
20210527T082905 I SLM: device id = 110199ce-fff2-2393-fcca-8732023f5e36
20210527T082905 I SLM: Initialized
20210527T082905 I Just loaded Options file C:/Users/admin/AppData/Roaming/Autodesk/Neutron Platform/Options/JDF3L3FH3CC8/NGlobalOptions.xml successfully		ThreadID: 1260, Function: Ns::OptionGroup::load, Line: 616
20210527T082905 I Just loaded Options file C:/Users/admin/AppData/Roaming/Autodesk/Neutron Platform/Options/NMachineSpecificOptions.xml successfully		ThreadID: 1260, Function: Ns::OptionGroup::load, Line: 616
20210527T082905 I Just loaded Options file C:/Users/admin/AppData/Roaming/Autodesk/Neutron Platform/Options/JDF3L3FH3CC8/NGlobalOptions.xml successfully		ThreadID: 1260, Function: Ns::OptionGroup::load, Line: 616
20210527T082905 I WorkflowTrackManager Initialized with:2 items
20210527T082905 I Just loaded Options file C:/Users/admin/AppData/Roaming/Autodesk/Neutron Platform/Options/NMachineSpecificOptions.xml successfully		ThreadID: 1260, Function: Ns::OptionGroup::load, Line: 616
20210527T082905 I Disk capacity: 2,24,810MB Disk free: 1,24,810MB Percentage free: 55 UIThread: no Time: 0.00056s
20210527T082905 I Just loaded Options file C:/Users/admin/AppData/Roaming/Autodesk/Neutron Platform/Options/JDF3L3FH3CC8/NGlobalOptions.xml successfully		ThreadID: 1260, Function: Ns::OptionGroup::load, Line: 616
20210527T082905 I ADP - 76b598d9-486d-4e59-97d8-6a4af41798d4
20210527T082905 I PROXY: WindowsProxyOptionId set to Automatic
20210527T082905 W PROXY: failed to query IE proxy configuration - The Proxy Auto-configuration URL was not found.

20210527T082905 I PROXY: proxy server set to DIRECT
20210527T082905 I AnalyticItemCounts Initialized with:0 items
20210527T082905 I 	searchAndLoad exec path: C:/Users/admin/AppData/Local/Autodesk/webdeploy/production/eba7fbfbb17ff9a9d7c25530f6f766b5ffb15678/Fusion360.exe
20210527T082905 I SYNHUB: Loading config files in directory C:/Users/admin/AppData/Roaming/Autodesk/Synergy

20210527T082905 I SYNHUB: Loading config file C:/Users/admin/AppData/Roaming/Autodesk/Synergy/NLauncher.syncfg

20210527T082906 I Request(https://ui-dls360.autodesk.com/fusion/version.txt) - workflow: attempt:0 status:200 requestId:
20210527T082907 I Request(https://a360-statusdashboard.s3.amazonaws.com/autodesk_maintenance.json) - workflow:HTTPClient attempt:0 status:200 requestId:f360_HTTPClient__1-60af0af8-ca4c925047c3495e83909803
20210527T082907 I Request(https://ui-dls360.autodesk.com/fusion/maintenace_services.txt) - workflow:HTTPClient attempt:0 status:200 requestId:f360_HTTPClient__1-60af0afa-d91fba7aebc64bf1a2cd3f0c
20210527T082907 I LaunchDarkly client initialization process is finished successfully!		ThreadID: 8288, Function: Ns::LDCSDKWrapper::initLDCallback, Line: 336
20210527T082907 I LD CSDK for type Global was initialized with a total time of 0.000002 seconds		ThreadID: 24388, Function: Ns::CSDKLDFeatureFlagsManager::getFlagValue, Line: 137
20210527T082908 I Load Feature Toggle Xml:C:/Users/admin/AppData/Local/Autodesk/webdeploy/production/eba7fbfbb17ff9a9d7c25530f6f766b5ffb15678/Fusion/Server/Fusion/Resources/FeatureToggle/FeatureToggle.xml
20210527T082909 I Just loaded Options file C:/Users/admin/AppData/Roaming/Autodesk/Neutron Platform/Options/JDF3L3FH3CC8/NGlobalOptions.xml successfully		ThreadID: 1260, Function: Ns::OptionGroup::load, Line: 616
20210527T082911 I Load Feature Toggle Xml:C:/Users/admin/AppData/Local/Autodesk/webdeploy/production/eba7fbfbb17ff9a9d7c25530f6f766b5ffb15678/FusionDoc/Server/FusionDoc/Resources/FeatureToggle/FeatureToggle.xml
20210527T082911 I C:\Users\admin\AppData\Local\Autodesk\webdeploy\production\eba7fbfbb17ff9a9d7c25530f6f766b5ffb15678\Applications\Simulation\SimCommon10.dll		ThreadID: 1260, Function: DllMain, Line: 22
20210527T082911 I Process attach		ThreadID: 1260, Function: DllMain, Line: 23
20210527T082912 I Just loaded Options file C:/Users/admin/AppData/Roaming/Autodesk/Neutron Platform/Options/NMachineSpecificOptions.xml successfully		ThreadID: 1260, Function: Ns::OptionGroup::load, Line: 616
20210527T082912 I C:\Users\admin\AppData\Local\Autodesk\webdeploy\production\eba7fbfbb17ff9a9d7c25530f6f766b5ffb15678\Applications\CAM360\SimIdealizations10.dll		ThreadID: 1260, Function: DllMain, Line: 16
20210527T082912 I Process attach		ThreadID: 1260, Function: DllMain, Line: 17
20210527T082913 I Libeagle app mode: Hosted		ThreadID: 1260, Function: void __cdecl Application::cEagleAppPrivate::Init(void), Line: 315
20210527T082914 I Just loaded Options file C:/Users/admin/AppData/Roaming/Autodesk/Neutron Platform/Options/JDF3L3FH3CC8/electronoptiongroup_eagle.rc successfully		ThreadID: 1260, Function: Ns::OptionGroup::load, Line: 616
20210527T082914 I Just loaded Options file C:/Users/admin/AppData/Roaming/Autodesk/Neutron Platform/Options/JDF3L3FH3CC8/NGlobalOptions.xml successfully		ThreadID: 1260, Function: Ns::OptionGroup::load, Line: 616
20210527T082915 I Just loaded Options file C:/Users/admin/AppData/Roaming/Autodesk/Neutron Platform/Options/JDF3L3FH3CC8/NGlobalOptions.xml successfully		ThreadID: 1260, Function: Ns::OptionGroup::load, Line: 616
20210527T082915 I Toolbar loader: Stopping...
20210527T082915 I Toolbar loader: Stopped
20210527T082915 I ***startSession: BEGIN
20210527T082915 I the maintenance window is OFF
20210527T082915 I getEntitlement
20210527T082915 I authenticate:begin
20210527T082915 I login start
20210527T082915 I Going to load toolbar customizations files		ThreadID: 1260, Function: Nu::ToolbarManager::loadCustomization, Line: 419
20210527T082915 I Just loaded Options file C:/Users/admin/AppData/Roaming/Autodesk/Neutron Platform/Options/JDF3L3FH3CC8/NGlobalOptions.xml successfully		ThreadID: 1260, Function: Ns::OptionGroup::load, Line: 616
20210527T082915 I Completed loading toolbar customizations files		ThreadID: 1260, Function: Nu::ToolbarManager::loadCustomization, Line: 421
20210527T082915 I AnalyticItemCounts Terminating with:0 items
20210527T082915 I AnalyticItemCounts Initialized with:0 items
20210527T082915 I WorkflowTrackManager Terminating with:2 items
20210527T082915 I WorkflowTrackManager Initialized with:1 items
20210527T082915 I login end 0
20210527T082915 I Autosave background thread started with saveTime: 5
20210527T082915 I LaunchDarkly client initialization process is not finished successfully!		ThreadID: 24388, Function: Ns::LDCSDKWrapper::initLDCallback, Line: 340
20210527T082915 I LaunchDarkly client initialization process is finished successfully!		ThreadID: 8288, Function: Ns::LDCSDKWrapper::initLDCallback, Line: 336
20210527T082915 I LD CSDK for type Nonhub was initialized with a total time of 0.527915 seconds		ThreadID: 24388, Function: Ns::CSDKLDFeatureFlagsManager::getFlagValue, Line: 137
20210527T082915 I LD CSDK for type Nonhub was initialized with a total time of 0.000002 seconds		ThreadID: 24388, Function: Ns::CSDKLDFeatureFlagsManager::getFlagValue, Line: 137
20210527T082917 I Request(https://js.prd.fusionapi.autodesk.com/fusion360-runtime-config/config.json) - workflow:HTTPClient attempt:0 status:200 requestId:f360_HTTPClient__1-60af0b02-c027df8f605d4e4ab78ebbf1
20210527T082917 I SLM: Enabled (Production)
20210527T082917 I SLM: Start session deviceId=110199ce-fff2-2393-fcca-8732023f5e36 deviceName=YASHISH
20210527T082917 I Workflow start: SLM_startSession 1-60af0b04-e4a07dee855f483aa2211e4d
20210527T082919 I Request(https://f360sc-p-ue1.api.cosv2-p-ue1-dn.autodesk.com/api/v1/sessions) - workflow:SLM_startSession attempt:0 status:200 requestId:f360_SLM_startSession__1-60af0b04-e4a07dee855f483aa2211e4d
20210527T082919 I SLM: session = 21655636
