20210611T073557 I Just loaded Options file C:/Users/admin/AppData/Roaming/Autodesk/Neutron Platform/Options/NMachineSpecificOptions.xml successfully		ThreadID: 11180, Function: Ns::OptionGroup::load, Line: 616
20210611T073559 I Just loaded Options file C:/Users/admin/AppData/Roaming/Autodesk/Neutron Platform/Options/NMachineSpecificOptions.xml successfully		ThreadID: 11180, Function: Ns::OptionGroup::load, Line: 616
20210611T073559 I Version : 2.0.10244
20210611T073559 I UTC offset : 5
20210611T073559 I Loading configuration from:C:/Users/admin/AppData/Local/Autodesk/webdeploy/production/eba7fbfbb17ff9a9d7c25530f6f766b5ffb15678/Fusion 360.server.config
20210611T073601 I Just loaded Options file C:/Users/admin/AppData/Roaming/Autodesk/Neutron Platform/Options/JDF3L3FH3CC8/NGlobalOptions.xml successfully		ThreadID: 11180, Function: Ns::OptionGroup::load, Line: 616
20210611T073601 I SLM: device id = 110199ce-fff2-2393-fcca-8732023f5e36
20210611T073601 I SLM: Initialized
20210611T073601 I Just loaded Options file C:/Users/admin/AppData/Roaming/Autodesk/Neutron Platform/Options/JDF3L3FH3CC8/NGlobalOptions.xml successfully		ThreadID: 11180, Function: Ns::OptionGroup::load, Line: 616
20210611T073601 I Just loaded Options file C:/Users/admin/AppData/Roaming/Autodesk/Neutron Platform/Options/NMachineSpecificOptions.xml successfully		ThreadID: 11180, Function: Ns::OptionGroup::load, Line: 616
20210611T073601 I Just loaded Options file C:/Users/admin/AppData/Roaming/Autodesk/Neutron Platform/Options/JDF3L3FH3CC8/NGlobalOptions.xml successfully		ThreadID: 11180, Function: Ns::OptionGroup::load, Line: 616
20210611T073601 I WorkflowTrackManager Initialized with:0 items
20210611T073601 I Just loaded Options file C:/Users/admin/AppData/Roaming/Autodesk/Neutron Platform/Options/NMachineSpecificOptions.xml successfully		ThreadID: 11180, Function: Ns::OptionGroup::load, Line: 616
20210611T073601 I Disk capacity: 2,24,810MB Disk free: 1,12,571MB Percentage free: 50 UIThread: no Time: 0.00057s
20210611T073601 I Just loaded Options file C:/Users/admin/AppData/Roaming/Autodesk/Neutron Platform/Options/JDF3L3FH3CC8/NGlobalOptions.xml successfully		ThreadID: 11180, Function: Ns::OptionGroup::load, Line: 616
20210611T073601 I ADP - a779590e-1755-4b7d-8214-1627f809300a
20210611T073601 I AnalyticItemCounts Initialized with:0 items
20210611T073601 I 	searchAndLoad exec path: C:/Users/admin/AppData/Local/Autodesk/webdeploy/production/eba7fbfbb17ff9a9d7c25530f6f766b5ffb15678/Fusion360.exe
20210611T073601 I PROXY: WindowsProxyOptionId set to Automatic
20210611T073601 W PROXY: failed to query IE proxy configuration - The Proxy Auto-configuration URL was not found.

20210611T073601 I PROXY: proxy server set to DIRECT
20210611T073601 I SYNHUB: Loading config files in directory C:/Users/admin/AppData/Roaming/Autodesk/Synergy

20210611T073601 I SYNHUB: Loading config file C:/Users/admin/AppData/Roaming/Autodesk/Synergy/NLauncher.syncfg

20210611T073601 I Request(https://ui-dls360.autodesk.com/fusion/version.txt) - workflow: attempt:0 status:200 requestId:
20210611T073602 I Request(https://a360-statusdashboard.s3.amazonaws.com/autodesk_maintenance.json) - workflow:HTTPClient attempt:0 status:200 requestId:f360_HTTPClient__1-60c2c509-9f46de7fa57b49119c3e124c
20210611T073603 I Request(https://ui-dls360.autodesk.com/fusion/maintenace_services.txt) - workflow:HTTPClient attempt:0 status:200 requestId:f360_HTTPClient__1-60c2c50a-ede14de994e54e408f660e88
20210611T073603 I Request(https://ui-dls360.autodesk.com/fusion/version.txt) - workflow: attempt:0 status:200 requestId:
20210611T073603 I Load Feature Toggle Xml:C:/Users/admin/AppData/Local/Autodesk/webdeploy/production/eba7fbfbb17ff9a9d7c25530f6f766b5ffb15678/Fusion/Server/Fusion/Resources/FeatureToggle/FeatureToggle.xml
20210611T073604 I LaunchDarkly client initialization process is finished successfully!		ThreadID: 27324, Function: Ns::LDCSDKWrapper::initLDCallback, Line: 336
20210611T073604 I LD CSDK for type Global was initialized with a total time of 0.000003 seconds		ThreadID: 144, Function: Ns::CSDKLDFeatureFlagsManager::getFlagValue, Line: 137
20210611T073605 I Just loaded Options file C:/Users/admin/AppData/Roaming/Autodesk/Neutron Platform/Options/JDF3L3FH3CC8/NGlobalOptions.xml successfully		ThreadID: 11180, Function: Ns::OptionGroup::load, Line: 616
20210611T073605 W PROXY: failed to query IE proxy configuration - The Proxy Auto-configuration URL was not found.

20210611T073605 I Load Feature Toggle Xml:C:/Users/admin/AppData/Local/Autodesk/webdeploy/production/eba7fbfbb17ff9a9d7c25530f6f766b5ffb15678/FusionDoc/Server/FusionDoc/Resources/FeatureToggle/FeatureToggle.xml
20210611T073606 I C:\Users\admin\AppData\Local\Autodesk\webdeploy\production\eba7fbfbb17ff9a9d7c25530f6f766b5ffb15678\Applications\Simulation\SimCommon10.dll		ThreadID: 11180, Function: DllMain, Line: 22
20210611T073606 I Process attach		ThreadID: 11180, Function: DllMain, Line: 23
20210611T073607 I Just loaded Options file C:/Users/admin/AppData/Roaming/Autodesk/Neutron Platform/Options/NMachineSpecificOptions.xml successfully		ThreadID: 11180, Function: Ns::OptionGroup::load, Line: 616
20210611T073607 I C:\Users\admin\AppData\Local\Autodesk\webdeploy\production\eba7fbfbb17ff9a9d7c25530f6f766b5ffb15678\Applications\CAM360\SimIdealizations10.dll		ThreadID: 11180, Function: DllMain, Line: 16
20210611T073607 I Process attach		ThreadID: 11180, Function: DllMain, Line: 17
20210611T073608 I Libeagle app mode: Hosted		ThreadID: 11180, Function: void __cdecl Application::cEagleAppPrivate::Init(void), Line: 315
20210611T073609 I Just loaded Options file C:/Users/admin/AppData/Roaming/Autodesk/Neutron Platform/Options/JDF3L3FH3CC8/electronoptiongroup_eagle.rc successfully		ThreadID: 11180, Function: Ns::OptionGroup::load, Line: 616
20210611T073610 I Just loaded Options file C:/Users/admin/AppData/Roaming/Autodesk/Neutron Platform/Options/JDF3L3FH3CC8/NGlobalOptions.xml successfully		ThreadID: 11180, Function: Ns::OptionGroup::load, Line: 616
20210611T073610 I Just loaded Options file C:/Users/admin/AppData/Roaming/Autodesk/Neutron Platform/Options/JDF3L3FH3CC8/NGlobalOptions.xml successfully		ThreadID: 11180, Function: Ns::OptionGroup::load, Line: 616
20210611T073610 I Toolbar loader: Stopping...
20210611T073610 I Toolbar loader: Stopped
20210611T073610 I ***startSession: BEGIN
20210611T073610 I the maintenance window is OFF
20210611T073610 I getEntitlement
20210611T073610 I authenticate:begin
20210611T073610 I login start
20210611T073610 I Going to load toolbar customizations files		ThreadID: 11180, Function: Nu::ToolbarManager::loadCustomization, Line: 419
20210611T073610 I Just loaded Options file C:/Users/admin/AppData/Roaming/Autodesk/Neutron Platform/Options/JDF3L3FH3CC8/NGlobalOptions.xml successfully		ThreadID: 11180, Function: Ns::OptionGroup::load, Line: 616
20210611T073610 I Completed loading toolbar customizations files		ThreadID: 11180, Function: Nu::ToolbarManager::loadCustomization, Line: 421
20210611T073610 I AnalyticItemCounts Terminating with:0 items
20210611T073610 I AnalyticItemCounts Initialized with:0 items
20210611T073610 I WorkflowTrackManager Terminating with:0 items
20210611T073610 I WorkflowTrackManager Initialized with:0 items
20210611T073610 I login end 0
20210611T073610 I Autosave background thread started with saveTime: 5
20210611T073610 I LaunchDarkly client initialization process is not finished successfully!		ThreadID: 144, Function: Ns::LDCSDKWrapper::initLDCallback, Line: 340
20210611T073611 I LaunchDarkly client initialization process is finished successfully!		ThreadID: 27324, Function: Ns::LDCSDKWrapper::initLDCallback, Line: 336
20210611T073611 I LD CSDK for type Nonhub was initialized with a total time of 0.525895 seconds		ThreadID: 144, Function: Ns::CSDKLDFeatureFlagsManager::getFlagValue, Line: 137
20210611T073611 I LD CSDK for type Nonhub was initialized with a total time of 0.000001 seconds		ThreadID: 144, Function: Ns::CSDKLDFeatureFlagsManager::getFlagValue, Line: 137
20210611T073611 I Request(https://js.prd.fusionapi.autodesk.com/fusion360-runtime-config/config.json) - workflow:HTTPClient attempt:0 status:200 requestId:f360_HTTPClient__1-60c2c512-6c7b7842c09b459ca89ce67d
20210611T073611 I SLM: Enabled (Production)
20210611T073611 I SLM: Start session deviceId=110199ce-fff2-2393-fcca-8732023f5e36 deviceName=YASHISH
20210611T073611 I Workflow start: SLM_startSession 1-60c2c513-cbbe283ed2214bd98257d9ac
20210611T073613 I 1623377172061 1623377172574 POST https://f360sc-p-ue1.api.cosv2-p-ue1-dn.autodesk.com/api/v1/sessions 401 {"message":"Unauthorized"}
20210611T073613 I Request(https://f360sc-p-ue1.api.cosv2-p-ue1-dn.autodesk.com/api/v1/sessions) - workflow:SLM_startSession attempt:0 status:401 requestId:f360_SLM_startSession__1-60c2c513-cbbe283ed2214bd98257d9ac
20210611T073614 I 1623377173577 1623377174273 POST https://f360sc-p-ue1.api.cosv2-p-ue1-dn.autodesk.com/api/v1/sessions 401 {"message":"Unauthorized"}
20210611T073614 I Request(https://f360sc-p-ue1.api.cosv2-p-ue1-dn.autodesk.com/api/v1/sessions) - workflow:SLM_startSession attempt:1 status:401 requestId:f360_SLM_startSession__1-60c2c513-cbbe283ed2214bd98257d9ac
20210611T073614 E Bypass (401)
20210611T073614 I ElectronOptionGroup::onReset		ThreadID: 11180, Function: NaElectronUI::ElectronOptionGroup::onReset, Line: 181
20210611T073614 I OfflineFileCache: update g^[EdSBECAUBeM		ThreadID: 11180, Function: _updateTimeBomb, Line: 209
20210611T073615 I authenticate:end
20210611T073615 W Not authenticated
20210611T073615 I Hub type: personal
20210611T073615 I ***startSession: END
20210611T073615 I ***startSession: BEGIN
20210611T073615 I the maintenance window is OFF
20210611T073615 I getEntitlement
20210611T073615 I authenticate:begin
20210611T073615 I login start
20210611T073616 I Executing exit command
20210611T073616 I Running deferred session release tasks
20210611T073616 I Signal shutdown to script manager
20210611T073616 I Script manager shut down done
20210611T073616 I Exit now
20210611T073616 I Start QTApplication::exit
20210611T073616 I Done QTApplication::exit
20210611T073616 I Exit command end
20210611T073616 W Login - Login Dialog Exit
20210611T073616 I login end 0
20210611T073616 E login failed 1.16865
20210611T073616 D startSessionWithHubReady terminated: eApplicationExit
20210611T073616 I GAThread::queueReport the sending thread started
20210611T073616 I Workflow start: GAWrapper 1-60c2c517-ce2ee05de9ed4852b818e498
20210611T073616 I Graphics Card: NVIDIA GeForce MX230, Rating: Unknown, Workarounds: 0 
20210611T073616 I OGS Device: VirtualDeviceDx11
20210611T073616 I Saved option file: C:/Users/admin/AppData/Roaming/Autodesk/Neutron Platform/Options/NGlobalOptions.xml
20210611T073616 I Saved option file: C:/Users/admin/AppData/Roaming/Autodesk/Neutron Platform/Options/NMachineSpecificOptions.xml
20210611T073616 I fireApplicationClosing: 1
20210611T073616 I fireApplicationClosing: done
20210611T073616 I SYNHUB: Finalizing SynHub.

20210611T073616 I SYNHUB: ...done finalizing SynHub.

20210611T073616 I Deleting files that are older than 360 days from the cache
20210611T073616 I Disk capacity: 2,24,810MB Disk free: 1,12,569MB Percentage free: 50 UIThread: no Time: 0.00047s
20210611T073616 E 1623377175719 1623377175981 POST https://ssl.google-analytics.com/collect 42 Callback aborted
20210611T073616 E GAThread::sendReport failed to send this record
20210611T073616 I Workflow start: GAWrapper 1-60c2c517-fa4a140e8f134aa19052abd7
20210611T073616 E 1623377175983 1623377175983 POST https://ssl.google-analytics.com/collect 42 Callback aborted
20210611T073616 E GAThread::sendReport failed to send this record
20210611T073616 I Workflow start: GAWrapper 1-60c2c517-ff200ecbe3ae4d3c81a1d588
20210611T073616 E 1623377175985 1623377175985 POST https://ssl.google-analytics.com/collect 42 Callback aborted
20210611T073616 E GAThread::sendReport failed to send this record
20210611T073616 I Workflow start: GAWrapper 1-60c2c517-89a6ed47a78d4c88ae181221
20210611T073616 E 1623377175988 1623377175988 POST https://ssl.google-analytics.com/collect 42 Callback aborted
20210611T073616 E GAThread::sendReport failed to send this record
20210611T073616 I Workflow start: GAWrapper 1-60c2c517-9f6b0c7fd1fa4add81f614d6
20210611T073616 E 1623377175991 1623377175991 POST https://ssl.google-analytics.com/collect 42 Callback aborted
20210611T073616 E GAThread::sendReport failed to send this record
20210611T073617 I SLM: Shutdown
20210611T073617 I fireApplicationClosing: 2
20210611T073617 I fireApplicationClosing: done
20210611T073620 W save thread in Job Manager didn't join after waiting for 3 seconds
20210611T073623 W progress bar thread in Job Manager didn't join after waiting for 3 seconds
20210611T073623 W dataFileName is unexpectely empty. This occurs when the user is logged out.
20210611T073623 I GAThread::stop wait for the sending thread to exit
20210611T073623 I GAThread::stop sending thread exits now, stats:GAThread=>Pending:0, Running:0, Sent:0, Fail:5, 			
 Throttle:0, SessionIdle:6.93954, SessionSent:5 			
 Limits: SessionLimits:500, ThrottleLimits:50, GATimeout:14400 seconds
20210611T073623 I GAWrapper terminating:GAWrapper Status=> Network:1, NetworkChangedTimes:0, IgnoredReportsDuringNetworkdown:0, totalReports:5
20210611T073623 I AnalyticItemCounts Terminating with:0 items
20210611T073623 I WorkflowTrackManager Terminating with:0 items
